<?xml version="1.0" encoding="UTF-8" ?>
<testsuites>
 <testsuite name="workspace-project App" timestamp="2020-07-22T18:19:46" hostname="localhost" time="1.279" errors="0" tests="1" skipped="0" failures="0">
  <testcase classname="workspace-project App" name="should display welcome message" time="1.275">
  </testcase>
 </testsuite>
</testsuites>